#
# There is insufficient memory for the Java Runtime Environment to continue.
# Native memory allocation (malloc) failed to allocate 32744 bytes for ChunkPool::allocate
# Possible reasons:
#   The system is out of physical RAM or swap space
#   The process is running with CompressedOops enabled, and the Java Heap may be blocking the growth of the native heap
# Possible solutions:
#   Reduce memory load on the system
#   Increase physical memory or swap space
#   Check if swap backing store is full
#   Decrease Java heap size (-Xmx/-Xms)
#   Decrease number of Java threads
#   Decrease Java thread stack sizes (-Xss)
#   Set larger code cache with -XX:ReservedCodeCacheSize=
#   JVM is running with Unscaled Compressed Oops mode in which the Java heap is
#     placed in the first 4GB address space. The Java Heap base address is the
#     maximum limit for the native heap growth. Please use -XX:HeapBaseMinAddress
#     to set the Java Heap base and to place the Java Heap above 4GB virtual address.
# This output file may be truncated or incomplete.
#
#  Out of Memory Error (./src/hotspot/share/memory/arena.cpp:81), pid=10428, tid=17856
#
# JRE version: OpenJDK Runtime Environment JBR-11.0.14.1.1-1751.46-jcef (11.0.14.1+1) (build 11.0.14.1+1-b1751.46)
# Java VM: OpenJDK 64-Bit Server VM JBR-11.0.14.1.1-1751.46-jcef (11.0.14.1+1-b1751.46, mixed mode, tiered, compressed oops, g1 gc, windows-amd64)
# No core dump will be written. Minidumps are not enabled by default on client versions of Windows
#

---------------  S U M M A R Y ------------

Command Line: git4idea.http.GitAskPassApp Username for 'https://github.com': 

Host: Intel(R) Core(TM) i5-7200U CPU @ 2.50GHz, 4 cores, 7G,  Windows 10 , 64 bit Build 19041 (10.0.19041.1806)
Time: Wed Jul 20 17:42:46 2022 RTZ 2 (зима) elapsed time: 1.410738 seconds (0d 0h 0m 1s)

---------------  T H R E A D  ---------------

Current thread (0x0000023b7970e000):  JavaThread "C2 CompilerThread0" daemon [_thread_in_native, id=17856, stack(0x00000069a1400000,0x00000069a1500000)]


Current CompileTask:
C2:   1410  277       4       java.lang.StringLatin1::toUpperCase (180 bytes)

Stack: [0x00000069a1400000,0x00000069a1500000]
Native frames: (J=compiled Java code, j=interpreted, Vv=VM code, C=native code)
V  [jvm.dll+0x61601a]
V  [jvm.dll+0x79c3b0]
V  [jvm.dll+0x79d9cd]
V  [jvm.dll+0x79e0a3]
V  [jvm.dll+0x24ca38]
V  [jvm.dll+0xc172b]
V  [jvm.dll+0xc19dc]
V  [jvm.dll+0x2c1f04]
V  [jvm.dll+0x5288ab]
V  [jvm.dll+0x20691a]
V  [jvm.dll+0x2043c2]
V  [jvm.dll+0x18b341]
V  [jvm.dll+0x21310f]
V  [jvm.dll+0x2119b1]
V  [jvm.dll+0x76300f]
V  [jvm.dll+0x75bc05]
V  [jvm.dll+0x614c86]
C  [ucrtbase.dll+0x21bb2]
C  [KERNEL32.DLL+0x17034]
C  [ntdll.dll+0x52651]


---------------  P R O C E S S  ---------------

Threads class SMR info:
_java_thread_list=0x0000023b7a5a6dd0, length=10, elements={
0x0000023b5db2d800, 0x0000023b796e7800, 0x0000023b796e9000, 0x0000023b79704000,
0x0000023b79705000, 0x0000023b79708000, 0x0000023b7970e000, 0x0000023b7970f800,
0x0000023b7a4d2800, 0x0000023b7a5c1000
}

Java Threads: ( => current thread )
  0x0000023b5db2d800 JavaThread "main" [_thread_in_vm, id=17104, stack(0x00000069a0800000,0x00000069a0900000)]
  0x0000023b796e7800 JavaThread "Reference Handler" daemon [_thread_blocked, id=17268, stack(0x00000069a0f00000,0x00000069a1000000)]
  0x0000023b796e9000 JavaThread "Finalizer" daemon [_thread_blocked, id=17468, stack(0x00000069a1000000,0x00000069a1100000)]
  0x0000023b79704000 JavaThread "Signal Dispatcher" daemon [_thread_blocked, id=7820, stack(0x00000069a1100000,0x00000069a1200000)]
  0x0000023b79705000 JavaThread "Attach Listener" daemon [_thread_blocked, id=17364, stack(0x00000069a1200000,0x00000069a1300000)]
  0x0000023b79708000 JavaThread "Service Thread" daemon [_thread_blocked, id=13176, stack(0x00000069a1300000,0x00000069a1400000)]
=>0x0000023b7970e000 JavaThread "C2 CompilerThread0" daemon [_thread_in_native, id=17856, stack(0x00000069a1400000,0x00000069a1500000)]
  0x0000023b7970f800 JavaThread "C1 CompilerThread0" daemon [_thread_blocked, id=7144, stack(0x00000069a1500000,0x00000069a1600000)]
  0x0000023b7a4d2800 JavaThread "Sweeper thread" daemon [_thread_blocked, id=14432, stack(0x00000069a1600000,0x00000069a1700000)]
  0x0000023b7a5c1000 JavaThread "Common-Cleaner" daemon [_thread_blocked, id=16168, stack(0x00000069a1800000,0x00000069a1900000)]

Other Threads:
  0x0000023b796e3000 VMThread "VM Thread" [stack: 0x00000069a0e00000,0x00000069a0f00000] [id=11036]
  0x0000023b7a5bb000 WatcherThread [stack: 0x00000069a1700000,0x00000069a1800000] [id=11288]
  0x0000023b5db49000 GCTaskThread "GC Thread#0" [stack: 0x00000069a0900000,0x00000069a0a00000] [id=3676]
  0x0000023b5db78000 ConcurrentGCThread "G1 Main Marker" [stack: 0x00000069a0a00000,0x00000069a0b00000] [id=14304]
  0x0000023b5db79800 ConcurrentGCThread "G1 Conc#0" [stack: 0x00000069a0b00000,0x00000069a0c00000] [id=19036]
  0x0000023b5dc08000 ConcurrentGCThread "G1 Refine#0" [stack: 0x00000069a0c00000,0x00000069a0d00000] [id=4524]
  0x0000023b5dc09000 ConcurrentGCThread "G1 Young RemSet Sampling" [stack: 0x00000069a0d00000,0x00000069a0e00000] [id=15416]

Threads with active compile tasks:
C2 CompilerThread0   1464  277       4       java.lang.StringLatin1::toUpperCase (180 bytes)

VM state:not at safepoint (normal execution)

VM Mutex/Monitor currently owned by a thread: None

Heap address: 0x0000000081e00000, size: 2018 MB, Compressed Oops mode: 32-bit
Narrow klass base: 0x0000000000000000, Narrow klass shift: 3
Compressed class space size: 1073741824 Address: 0x0000000100000000

Heap:
 garbage-first heap   total 131072K, used 8192K [0x0000000081e00000, 0x0000000100000000)
  region size 1024K, 5 young (5120K), 0 survivors (0K)
 Metaspace       used 6007K, capacity 6154K, committed 6272K, reserved 1064960K
  class space    used 507K, capacity 541K, committed 640K, reserved 1048576K
Heap Regions: E=young(eden), S=young(survivor), O=old, HS=humongous(starts), HC=humongous(continues), CS=collection set, F=free, A=archive, TAMS=top-at-mark-start (previous, next)
|   0|0x0000000081e00000, 0x0000000081f00000, 0x0000000081f00000|100%|HS|  |TAMS 0x0000000081e00000, 0x0000000081e00000| Complete 
|   1|0x0000000081f00000, 0x0000000082000000, 0x0000000082000000|100%|HC|  |TAMS 0x0000000081f00000, 0x0000000081f00000| Complete 
|   2|0x0000000082000000, 0x0000000082100000, 0x0000000082100000|100%|HC|  |TAMS 0x0000000082000000, 0x0000000082000000| Complete 
|   3|0x0000000082100000, 0x0000000082200000, 0x0000000082200000|100%|HC|  |TAMS 0x0000000082100000, 0x0000000082100000| Complete 
|   4|0x0000000082200000, 0x0000000082200000, 0x0000000082300000|  0%| F|  |TAMS 0x0000000082200000, 0x0000000082200000| Untracked 
|   5|0x0000000082300000, 0x0000000082300000, 0x0000000082400000|  0%| F|  |TAMS 0x0000000082300000, 0x0000000082300000| Untracked 
|   6|0x0000000082400000, 0x0000000082400000, 0x0000000082500000|  0%| F|  |TAMS 0x0000000082400000, 0x0000000082400000| Untracked 
|   7|0x0000000082500000, 0x0000000082500000, 0x0000000082600000|  0%| F|  |TAMS 0x0000000082500000, 0x0000000082500000| Untracked 
|   8|0x0000000082600000, 0x0000000082600000, 0x0000000082700000|  0%| F|  |TAMS 0x0000000082600000, 0x0000000082600000| Untracked 
|   9|0x0000000082700000, 0x0000000082700000, 0x0000000082800000|  0%| F|  |TAMS 0x0000000082700000, 0x0000000082700000| Untracked 
|  10|0x0000000082800000, 0x0000000082800000, 0x0000000082900000|  0%| F|  |TAMS 0x0000000082800000, 0x0000000082800000| Untracked 
|  11|0x0000000082900000, 0x0000000082900000, 0x0000000082a00000|  0%| F|  |TAMS 0x0000000082900000, 0x0000000082900000| Untracked 
|  12|0x0000000082a00000, 0x0000000082a00000, 0x0000000082b00000|  0%| F|  |TAMS 0x0000000082a00000, 0x0000000082a00000| Untracked 
|  13|0x0000000082b00000, 0x0000000082b00000, 0x0000000082c00000|  0%| F|  |TAMS 0x0000000082b00000, 0x0000000082b00000| Untracked 
|  14|0x0000000082c00000, 0x0000000082c00000, 0x0000000082d00000|  0%| F|  |TAMS 0x0000000082c00000, 0x0000000082c00000| Untracked 
|  15|0x0000000082d00000, 0x0000000082d00000, 0x0000000082e00000|  0%| F|  |TAMS 0x0000000082d00000, 0x0000000082d00000| Untracked 
|  16|0x0000000082e00000, 0x0000000082e00000, 0x0000000082f00000|  0%| F|  |TAMS 0x0000000082e00000, 0x0000000082e00000| Untracked 
|  17|0x0000000082f00000, 0x0000000082f00000, 0x0000000083000000|  0%| F|  |TAMS 0x0000000082f00000, 0x0000000082f00000| Untracked 
|  18|0x0000000083000000, 0x0000000083000000, 0x0000000083100000|  0%| F|  |TAMS 0x0000000083000000, 0x0000000083000000| Untracked 
|  19|0x0000000083100000, 0x0000000083100000, 0x0000000083200000|  0%| F|  |TAMS 0x0000000083100000, 0x0000000083100000| Untracked 
|  20|0x0000000083200000, 0x0000000083200000, 0x0000000083300000|  0%| F|  |TAMS 0x0000000083200000, 0x0000000083200000| Untracked 
|  21|0x0000000083300000, 0x0000000083300000, 0x0000000083400000|  0%| F|  |TAMS 0x0000000083300000, 0x0000000083300000| Untracked 
|  22|0x0000000083400000, 0x0000000083400000, 0x0000000083500000|  0%| F|  |TAMS 0x0000000083400000, 0x0000000083400000| Untracked 
|  23|0x0000000083500000, 0x0000000083500000, 0x0000000083600000|  0%| F|  |TAMS 0x0000000083500000, 0x0000000083500000| Untracked 
|  24|0x0000000083600000, 0x0000000083600000, 0x0000000083700000|  0%| F|  |TAMS 0x0000000083600000, 0x0000000083600000| Untracked 
|  25|0x0000000083700000, 0x0000000083700000, 0x0000000083800000|  0%| F|  |TAMS 0x0000000083700000, 0x0000000083700000| Untracked 
|  26|0x0000000083800000, 0x0000000083800000, 0x0000000083900000|  0%| F|  |TAMS 0x0000000083800000, 0x0000000083800000| Untracked 
|  27|0x0000000083900000, 0x0000000083900000, 0x0000000083a00000|  0%| F|  |TAMS 0x0000000083900000, 0x0000000083900000| Untracked 
|  28|0x0000000083a00000, 0x0000000083a00000, 0x0000000083b00000|  0%| F|  |TAMS 0x0000000083a00000, 0x0000000083a00000| Untracked 
|  29|0x0000000083b00000, 0x0000000083b00000, 0x0000000083c00000|  0%| F|  |TAMS 0x0000000083b00000, 0x0000000083b00000| Untracked 
|  30|0x0000000083c00000, 0x0000000083c00000, 0x0000000083d00000|  0%| F|  |TAMS 0x0000000083c00000, 0x0000000083c00000| Untracked 
|  31|0x0000000083d00000, 0x0000000083d00000, 0x0000000083e00000|  0%| F|  |TAMS 0x0000000083d00000, 0x0000000083d00000| Untracked 
|  32|0x0000000083e00000, 0x0000000083e00000, 0x0000000083f00000|  0%| F|  |TAMS 0x0000000083e00000, 0x0000000083e00000| Untracked 
|  33|0x0000000083f00000, 0x0000000083f00000, 0x0000000084000000|  0%| F|  |TAMS 0x0000000083f00000, 0x0000000083f00000| Untracked 
|  34|0x0000000084000000, 0x0000000084000000, 0x0000000084100000|  0%| F|  |TAMS 0x0000000084000000, 0x0000000084000000| Untracked 
|  35|0x0000000084100000, 0x0000000084100000, 0x0000000084200000|  0%| F|  |TAMS 0x0000000084100000, 0x0000000084100000| Untracked 
|  36|0x0000000084200000, 0x0000000084200000, 0x0000000084300000|  0%| F|  |TAMS 0x0000000084200000, 0x0000000084200000| Untracked 
|  37|0x0000000084300000, 0x0000000084300000, 0x0000000084400000|  0%| F|  |TAMS 0x0000000084300000, 0x0000000084300000| Untracked 
|  38|0x0000000084400000, 0x0000000084400000, 0x0000000084500000|  0%| F|  |TAMS 0x0000000084400000, 0x0000000084400000| Untracked 
|  39|0x0000000084500000, 0x0000000084500000, 0x0000000084600000|  0%| F|  |TAMS 0x0000000084500000, 0x0000000084500000| Untracked 
|  40|0x0000000084600000, 0x0000000084600000, 0x0000000084700000|  0%| F|  |TAMS 0x0000000084600000, 0x0000000084600000| Untracked 
|  41|0x0000000084700000, 0x0000000084700000, 0x0000000084800000|  0%| F|  |TAMS 0x0000000084700000, 0x0000000084700000| Untracked 
|  42|0x0000000084800000, 0x0000000084800000, 0x0000000084900000|  0%| F|  |TAMS 0x0000000084800000, 0x0000000084800000| Untracked 
|  43|0x0000000084900000, 0x0000000084900000, 0x0000000084a00000|  0%| F|  |TAMS 0x0000000084900000, 0x0000000084900000| Untracked 
|  44|0x0000000084a00000, 0x0000000084a00000, 0x0000000084b00000|  0%| F|  |TAMS 0x0000000084a00000, 0x0000000084a00000| Untracked 
|  45|0x0000000084b00000, 0x0000000084b00000, 0x0000000084c00000|  0%| F|  |TAMS 0x0000000084b00000, 0x0000000084b00000| Untracked 
|  46|0x0000000084c00000, 0x0000000084c00000, 0x0000000084d00000|  0%| F|  |TAMS 0x0000000084c00000, 0x0000000084c00000| Untracked 
|  47|0x0000000084d00000, 0x0000000084d00000, 0x0000000084e00000|  0%| F|  |TAMS 0x0000000084d00000, 0x0000000084d00000| Untracked 
|  48|0x0000000084e00000, 0x0000000084e00000, 0x0000000084f00000|  0%| F|  |TAMS 0x0000000084e00000, 0x0000000084e00000| Untracked 
|  49|0x0000000084f00000, 0x0000000084f00000, 0x0000000085000000|  0%| F|  |TAMS 0x0000000084f00000, 0x0000000084f00000| Untracked 
|  50|0x0000000085000000, 0x0000000085000000, 0x0000000085100000|  0%| F|  |TAMS 0x0000000085000000, 0x0000000085000000| Untracked 
|  51|0x0000000085100000, 0x0000000085100000, 0x0000000085200000|  0%| F|  |TAMS 0x0000000085100000, 0x0000000085100000| Untracked 
|  52|0x0000000085200000, 0x0000000085200000, 0x0000000085300000|  0%| F|  |TAMS 0x0000000085200000, 0x0000000085200000| Untracked 
|  53|0x0000000085300000, 0x0000000085300000, 0x0000000085400000|  0%| F|  |TAMS 0x0000000085300000, 0x0000000085300000| Untracked 
|  54|0x0000000085400000, 0x0000000085400000, 0x0000000085500000|  0%| F|  |TAMS 0x0000000085400000, 0x0000000085400000| Untracked 
|  55|0x0000000085500000, 0x0000000085500000, 0x0000000085600000|  0%| F|  |TAMS 0x0000000085500000, 0x0000000085500000| Untracked 
|  56|0x0000000085600000, 0x0000000085600000, 0x0000000085700000|  0%| F|  |TAMS 0x0000000085600000, 0x0000000085600000| Untracked 
|  57|0x0000000085700000, 0x0000000085700000, 0x0000000085800000|  0%| F|  |TAMS 0x0000000085700000, 0x0000000085700000| Untracked 
|  58|0x0000000085800000, 0x0000000085800000, 0x0000000085900000|  0%| F|  |TAMS 0x0000000085800000, 0x0000000085800000| Untracked 
|  59|0x0000000085900000, 0x0000000085900000, 0x0000000085a00000|  0%| F|  |TAMS 0x0000000085900000, 0x0000000085900000| Untracked 
|  60|0x0000000085a00000, 0x0000000085a00000, 0x0000000085b00000|  0%| F|  |TAMS 0x0000000085a00000, 0x0000000085a00000| Untracked 
|  61|0x0000000085b00000, 0x0000000085b00000, 0x0000000085c00000|  0%| F|  |TAMS 0x0000000085b00000, 0x0000000085b00000| Untracked 
|  62|0x0000000085c00000, 0x0000000085c00000, 0x0000000085d00000|  0%| F|  |TAMS 0x0000000085c00000, 0x0000000085c00000| Untracked 
|  63|0x0000000085d00000, 0x0000000085d00000, 0x0000000085e00000|  0%| F|  |TAMS 0x0000000085d00000, 0x0000000085d00000| Untracked 
|  64|0x0000000085e00000, 0x0000000085e00000, 0x0000000085f00000|  0%| F|  |TAMS 0x0000000085e00000, 0x0000000085e00000| Untracked 
|  65|0x0000000085f00000, 0x0000000085f00000, 0x0000000086000000|  0%| F|  |TAMS 0x0000000085f00000, 0x0000000085f00000| Untracked 
|  66|0x0000000086000000, 0x0000000086000000, 0x0000000086100000|  0%| F|  |TAMS 0x0000000086000000, 0x0000000086000000| Untracked 
|  67|0x0000000086100000, 0x0000000086100000, 0x0000000086200000|  0%| F|  |TAMS 0x0000000086100000, 0x0000000086100000| Untracked 
|  68|0x0000000086200000, 0x0000000086200000, 0x0000000086300000|  0%| F|  |TAMS 0x0000000086200000, 0x0000000086200000| Untracked 
|  69|0x0000000086300000, 0x0000000086300000, 0x0000000086400000|  0%| F|  |TAMS 0x0000000086300000, 0x0000000086300000| Untracked 
|  70|0x0000000086400000, 0x0000000086400000, 0x0000000086500000|  0%| F|  |TAMS 0x0000000086400000, 0x0000000086400000| Untracked 
|  71|0x0000000086500000, 0x0000000086500000, 0x0000000086600000|  0%| F|  |TAMS 0x0000000086500000, 0x0000000086500000| Untracked 
|  72|0x0000000086600000, 0x0000000086600000, 0x0000000086700000|  0%| F|  |TAMS 0x0000000086600000, 0x0000000086600000| Untracked 
|  73|0x0000000086700000, 0x0000000086700000, 0x0000000086800000|  0%| F|  |TAMS 0x0000000086700000, 0x0000000086700000| Untracked 
|  74|0x0000000086800000, 0x0000000086800000, 0x0000000086900000|  0%| F|  |TAMS 0x0000000086800000, 0x0000000086800000| Untracked 
|  75|0x0000000086900000, 0x0000000086900000, 0x0000000086a00000|  0%| F|  |TAMS 0x0000000086900000, 0x0000000086900000| Untracked 
|  76|0x0000000086a00000, 0x0000000086a00000, 0x0000000086b00000|  0%| F|  |TAMS 0x0000000086a00000, 0x0000000086a00000| Untracked 
|  77|0x0000000086b00000, 0x0000000086b00000, 0x0000000086c00000|  0%| F|  |TAMS 0x0000000086b00000, 0x0000000086b00000| Untracked 
|  78|0x0000000086c00000, 0x0000000086c00000, 0x0000000086d00000|  0%| F|  |TAMS 0x0000000086c00000, 0x0000000086c00000| Untracked 
|  79|0x0000000086d00000, 0x0000000086d00000, 0x0000000086e00000|  0%| F|  |TAMS 0x0000000086d00000, 0x0000000086d00000| Untracked 
|  80|0x0000000086e00000, 0x0000000086e00000, 0x0000000086f00000|  0%| F|  |TAMS 0x0000000086e00000, 0x0000000086e00000| Untracked 
|  81|0x0000000086f00000, 0x0000000086f00000, 0x0000000087000000|  0%| F|  |TAMS 0x0000000086f00000, 0x0000000086f00000| Untracked 
|  82|0x0000000087000000, 0x0000000087000000, 0x0000000087100000|  0%| F|  |TAMS 0x0000000087000000, 0x0000000087000000| Untracked 
|  83|0x0000000087100000, 0x0000000087100000, 0x0000000087200000|  0%| F|  |TAMS 0x0000000087100000, 0x0000000087100000| Untracked 
|  84|0x0000000087200000, 0x0000000087200000, 0x0000000087300000|  0%| F|  |TAMS 0x0000000087200000, 0x0000000087200000| Untracked 
|  85|0x0000000087300000, 0x0000000087300000, 0x0000000087400000|  0%| F|  |TAMS 0x0000000087300000, 0x0000000087300000| Untracked 
|  86|0x0000000087400000, 0x0000000087400000, 0x0000000087500000|  0%| F|  |TAMS 0x0000000087400000, 0x0000000087400000| Untracked 
|  87|0x0000000087500000, 0x0000000087500000, 0x0000000087600000|  0%| F|  |TAMS 0x0000000087500000, 0x0000000087500000| Untracked 
|  88|0x0000000087600000, 0x0000000087600000, 0x0000000087700000|  0%| F|  |TAMS 0x0000000087600000, 0x0000000087600000| Untracked 
|  89|0x0000000087700000, 0x0000000087700000, 0x0000000087800000|  0%| F|  |TAMS 0x0000000087700000, 0x0000000087700000| Untracked 
|  90|0x0000000087800000, 0x0000000087800000, 0x0000000087900000|  0%| F|  |TAMS 0x0000000087800000, 0x0000000087800000| Untracked 
|  91|0x0000000087900000, 0x0000000087900000, 0x0000000087a00000|  0%| F|  |TAMS 0x0000000087900000, 0x0000000087900000| Untracked 
|  92|0x0000000087a00000, 0x0000000087a00000, 0x0000000087b00000|  0%| F|  |TAMS 0x0000000087a00000, 0x0000000087a00000| Untracked 
|  93|0x0000000087b00000, 0x0000000087b00000, 0x0000000087c00000|  0%| F|  |TAMS 0x0000000087b00000, 0x0000000087b00000| Untracked 
|  94|0x0000000087c00000, 0x0000000087c00000, 0x0000000087d00000|  0%| F|  |TAMS 0x0000000087c00000, 0x0000000087c00000| Untracked 
|  95|0x0000000087d00000, 0x0000000087d00000, 0x0000000087e00000|  0%| F|  |TAMS 0x0000000087d00000, 0x0000000087d00000| Untracked 
|  96|0x0000000087e00000, 0x0000000087e00000, 0x0000000087f00000|  0%| F|  |TAMS 0x0000000087e00000, 0x0000000087e00000| Untracked 
|  97|0x0000000087f00000, 0x0000000087f00000, 0x0000000088000000|  0%| F|  |TAMS 0x0000000087f00000, 0x0000000087f00000| Untracked 
|  98|0x0000000088000000, 0x0000000088000000, 0x0000000088100000|  0%| F|  |TAMS 0x0000000088000000, 0x0000000088000000| Untracked 
|  99|0x0000000088100000, 0x0000000088100000, 0x0000000088200000|  0%| F|  |TAMS 0x0000000088100000, 0x0000000088100000| Untracked 
| 100|0x0000000088200000, 0x0000000088200000, 0x0000000088300000|  0%| F|  |TAMS 0x0000000088200000, 0x0000000088200000| Untracked 
| 101|0x0000000088300000, 0x0000000088300000, 0x0000000088400000|  0%| F|  |TAMS 0x0000000088300000, 0x0000000088300000| Untracked 
| 102|0x0000000088400000, 0x0000000088400000, 0x0000000088500000|  0%| F|  |TAMS 0x0000000088400000, 0x0000000088400000| Untracked 
| 103|0x0000000088500000, 0x0000000088500000, 0x0000000088600000|  0%| F|  |TAMS 0x0000000088500000, 0x0000000088500000| Untracked 
| 104|0x0000000088600000, 0x0000000088600000, 0x0000000088700000|  0%| F|  |TAMS 0x0000000088600000, 0x0000000088600000| Untracked 
| 105|0x0000000088700000, 0x0000000088700000, 0x0000000088800000|  0%| F|  |TAMS 0x0000000088700000, 0x0000000088700000| Untracked 
| 106|0x0000000088800000, 0x0000000088800000, 0x0000000088900000|  0%| F|  |TAMS 0x0000000088800000, 0x0000000088800000| Untracked 
| 107|0x0000000088900000, 0x0000000088900000, 0x0000000088a00000|  0%| F|  |TAMS 0x0000000088900000, 0x0000000088900000| Untracked 
| 108|0x0000000088a00000, 0x0000000088a00000, 0x0000000088b00000|  0%| F|  |TAMS 0x0000000088a00000, 0x0000000088a00000| Untracked 
| 109|0x0000000088b00000, 0x0000000088b00000, 0x0000000088c00000|  0%| F|  |TAMS 0x0000000088b00000, 0x0000000088b00000| Untracked 
| 110|0x0000000088c00000, 0x0000000088c00000, 0x0000000088d00000|  0%| F|  |TAMS 0x0000000088c00000, 0x0000000088c00000| Untracked 
| 111|0x0000000088d00000, 0x0000000088d00000, 0x0000000088e00000|  0%| F|  |TAMS 0x0000000088d00000, 0x0000000088d00000| Untracked 
| 112|0x0000000088e00000, 0x0000000088e00000, 0x0000000088f00000|  0%| F|  |TAMS 0x0000000088e00000, 0x0000000088e00000| Untracked 
| 113|0x0000000088f00000, 0x0000000088f00000, 0x0000000089000000|  0%| F|  |TAMS 0x0000000088f00000, 0x0000000088f00000| Untracked 
| 114|0x0000000089000000, 0x0000000089000000, 0x0000000089100000|  0%| F|  |TAMS 0x0000000089000000, 0x0000000089000000| Untracked 
| 115|0x0000000089100000, 0x0000000089100000, 0x0000000089200000|  0%| F|  |TAMS 0x0000000089100000, 0x0000000089100000| Untracked 
| 116|0x0000000089200000, 0x0000000089200000, 0x0000000089300000|  0%| F|  |TAMS 0x0000000089200000, 0x0000000089200000| Untracked 
| 117|0x0000000089300000, 0x0000000089300000, 0x0000000089400000|  0%| F|  |TAMS 0x0000000089300000, 0x0000000089300000| Untracked 
| 118|0x0000000089400000, 0x0000000089400000, 0x0000000089500000|  0%| F|  |TAMS 0x0000000089400000, 0x0000000089400000| Untracked 
| 119|0x0000000089500000, 0x0000000089500000, 0x0000000089600000|  0%| F|  |TAMS 0x0000000089500000, 0x0000000089500000| Untracked 
| 120|0x0000000089600000, 0x0000000089600000, 0x0000000089700000|  0%| F|  |TAMS 0x0000000089600000, 0x0000000089600000| Untracked 
| 121|0x0000000089700000, 0x0000000089700000, 0x0000000089800000|  0%| F|  |TAMS 0x0000000089700000, 0x0000000089700000| Untracked 
| 122|0x0000000089800000, 0x0000000089800000, 0x0000000089900000|  0%| F|  |TAMS 0x0000000089800000, 0x0000000089800000| Untracked 
| 123|0x0000000089900000, 0x0000000089948348, 0x0000000089a00000| 28%| E|  |TAMS 0x0000000089900000, 0x0000000089900000| Complete 
| 124|0x0000000089a00000, 0x0000000089b00000, 0x0000000089b00000|100%| E|CS|TAMS 0x0000000089a00000, 0x0000000089a00000| Complete 
| 125|0x0000000089b00000, 0x0000000089c00000, 0x0000000089c00000|100%| E|CS|TAMS 0x0000000089b00000, 0x0000000089b00000| Complete 
| 126|0x0000000089c00000, 0x0000000089d00000, 0x0000000089d00000|100%| E|CS|TAMS 0x0000000089c00000, 0x0000000089c00000| Complete 
| 127|0x0000000089d00000, 0x0000000089e00000, 0x0000000089e00000|100%| E|CS|TAMS 0x0000000089d00000, 0x0000000089d00000| Complete 

Card table byte_map: [0x0000023b729d0000,0x0000023b72dd0000] _byte_map_base: 0x0000023b725c1000

Marking Bits (Prev, Next): (CMBitMap*) 0x0000023b5db6f308, (CMBitMap*) 0x0000023b5db6f340
 Prev Bits: [0x0000023b731d0000, 0x0000023b75158000)
 Next Bits: [0x0000023b75160000, 0x0000023b770e8000)

Polling page: 0x0000023b5d8f0000

Metaspace:

Usage:
  Non-class:      5.48 MB capacity,     5.38 MB ( 98%) used,    93.64 KB (  2%) free+waste,     7.13 KB ( <1%) overhead. 
      Class:    541.00 KB capacity,   509.55 KB ( 94%) used,    29.82 KB (  6%) free+waste,     1.63 KB ( <1%) overhead. 
       Both:      6.01 MB capacity,     5.88 MB ( 98%) used,   123.46 KB (  2%) free+waste,     8.75 KB ( <1%) overhead. 

Virtual space:
  Non-class space:       16.00 MB reserved,       5.50 MB ( 34%) committed 
      Class space:        1.00 GB reserved,     640.00 KB ( <1%) committed 
             Both:        1.02 GB reserved,       6.13 MB ( <1%) committed 

Chunk freelists:
   Non-Class:  19.00 KB
       Class:  3.00 KB
        Both:  22.00 KB

MaxMetaspaceSize: 17179869184.00 GB
CompressedClassSpaceSize: 1.00 GB
Initial GC threshold: 20.80 MB
Current GC threshold: 20.80 MB
CDS: off

CodeHeap 'non-profiled nmethods': size=120064Kb used=89Kb max_used=89Kb free=119974Kb
 bounds [0x0000023b6aa70000, 0x0000023b6ace0000, 0x0000023b71fb0000]
CodeHeap 'profiled nmethods': size=120000Kb used=378Kb max_used=378Kb free=119621Kb
 bounds [0x0000023b63540000, 0x0000023b637b0000, 0x0000023b6aa70000]
CodeHeap 'non-nmethods': size=5696Kb used=1094Kb max_used=1096Kb free=4601Kb
 bounds [0x0000023b62fb0000, 0x0000023b63220000, 0x0000023b63540000]
 total_blobs=617 nmethods=279 adapters=251
 compilation: enabled
              stopped_count=0, restarted_count=0
 full_count=0

Compilation events (20 events):
Event: 1.395 Thread 0x0000023b7970f800  251       3       jdk.internal.org.objectweb.asm.ClassWriter::newUTF8 (70 bytes)
Event: 1.395 Thread 0x0000023b7970f800 nmethod 251 0x0000023b6358b110 code [0x0000023b6358b320, 0x0000023b6358b698]
Event: 1.395 Thread 0x0000023b7970f800  254       3       java.lang.invoke.MethodType::makeImpl (108 bytes)
Event: 1.396 Thread 0x0000023b7970f800 nmethod 254 0x0000023b6358b890 code [0x0000023b6358bb60, 0x0000023b6358c958]
Event: 1.396 Thread 0x0000023b7970f800  255       3       java.lang.invoke.MethodType$ConcurrentWeakInternSet::get (54 bytes)
Event: 1.397 Thread 0x0000023b7970f800 nmethod 255 0x0000023b6358ce10 code [0x0000023b6358d080, 0x0000023b6358dd38]
Event: 1.397 Thread 0x0000023b7970f800  259       3       java.util.Arrays::copyOf (40 bytes)
Event: 1.398 Thread 0x0000023b7970f800 nmethod 259 0x0000023b6358e110 code [0x0000023b6358e320, 0x0000023b6358e9c8]
Event: 1.398 Thread 0x0000023b7970f800  258       3       java.lang.invoke.MemberName::testAllFlags (7 bytes)
Event: 1.398 Thread 0x0000023b7970f800 nmethod 258 0x0000023b6358ec10 code [0x0000023b6358edc0, 0x0000023b6358ef78]
Event: 1.398 Thread 0x0000023b7970f800  256       3       java.lang.invoke.MethodType$ConcurrentWeakInternSet$WeakEntry::<init> (14 bytes)
Event: 1.398 Thread 0x0000023b7970f800 nmethod 256 0x0000023b6358f010 code [0x0000023b6358f200, 0x0000023b6358f628]
Event: 1.398 Thread 0x0000023b7970f800  261       3       sun.invoke.util.Wrapper::forPrimitiveType (49 bytes)
Event: 1.400 Thread 0x0000023b7970f800 nmethod 261 0x0000023b6358f790 code [0x0000023b6358fb20, 0x0000023b63591048]
Event: 1.400 Thread 0x0000023b7970f800  263       3       java.lang.StringLatin1::lastIndexOf (40 bytes)
Event: 1.400 Thread 0x0000023b7970f800 nmethod 263 0x0000023b63591810 code [0x0000023b635919e0, 0x0000023b63591d98]
Event: 1.400 Thread 0x0000023b7970f800  268       3       java.lang.invoke.LambdaForm$Name::useCount (42 bytes)
Event: 1.401 Thread 0x0000023b7970f800 nmethod 268 0x0000023b63591f10 code [0x0000023b635920e0, 0x0000023b635923d8]
Event: 1.401 Thread 0x0000023b7970f800  262       3       jdk.internal.org.objectweb.asm.Frame::execute (2264 bytes)
Event: 1.403 Thread 0x0000023b7970e000  277       4       java.lang.StringLatin1::toUpperCase (180 bytes)

GC Heap History (0 events):
No events

Deoptimization events (20 events):
Event: 1.321 Thread 0x0000023b5db2d800 DEOPT PACKING pc=0x0000023b6356a850 sp=0x00000069a08fcbb0
Event: 1.321 Thread 0x0000023b5db2d800 DEOPT UNPACKING pc=0x0000023b62ffa95e sp=0x00000069a08fc038 mode 0
Event: 1.323 Thread 0x0000023b5db2d800 DEOPT PACKING pc=0x0000023b6356a850 sp=0x00000069a08fcbb0
Event: 1.323 Thread 0x0000023b5db2d800 DEOPT UNPACKING pc=0x0000023b62ffa95e sp=0x00000069a08fc038 mode 0
Event: 1.323 Thread 0x0000023b5db2d800 DEOPT PACKING pc=0x0000023b6356a850 sp=0x00000069a08fcbb0
Event: 1.323 Thread 0x0000023b5db2d800 DEOPT UNPACKING pc=0x0000023b62ffa95e sp=0x00000069a08fc038 mode 0
Event: 1.324 Thread 0x0000023b5db2d800 DEOPT PACKING pc=0x0000023b6356a850 sp=0x00000069a08fcbb0
Event: 1.324 Thread 0x0000023b5db2d800 DEOPT UNPACKING pc=0x0000023b62ffa95e sp=0x00000069a08fc038 mode 0
Event: 1.324 Thread 0x0000023b5db2d800 DEOPT PACKING pc=0x0000023b6356a850 sp=0x00000069a08fcbb0
Event: 1.324 Thread 0x0000023b5db2d800 DEOPT UNPACKING pc=0x0000023b62ffa95e sp=0x00000069a08fc038 mode 0
Event: 1.403 Thread 0x0000023b5db2d800 DEOPT PACKING pc=0x0000023b635746a8 sp=0x00000069a08fe590
Event: 1.403 Thread 0x0000023b5db2d800 DEOPT UNPACKING pc=0x0000023b62ffa95e sp=0x00000069a08fda60 mode 0
Event: 1.403 Thread 0x0000023b5db2d800 DEOPT PACKING pc=0x0000023b635746a8 sp=0x00000069a08fe590
Event: 1.403 Thread 0x0000023b5db2d800 DEOPT UNPACKING pc=0x0000023b62ffa95e sp=0x00000069a08fda60 mode 0
Event: 1.404 Thread 0x0000023b5db2d800 DEOPT PACKING pc=0x0000023b635746a8 sp=0x00000069a08fe590
Event: 1.404 Thread 0x0000023b5db2d800 DEOPT UNPACKING pc=0x0000023b62ffa95e sp=0x00000069a08fda60 mode 0
Event: 1.404 Thread 0x0000023b5db2d800 DEOPT PACKING pc=0x0000023b635746a8 sp=0x00000069a08fe590
Event: 1.406 Thread 0x0000023b5db2d800 DEOPT UNPACKING pc=0x0000023b62ffa95e sp=0x00000069a08fda60 mode 0
Event: 1.407 Thread 0x0000023b5db2d800 DEOPT PACKING pc=0x0000023b635746a8 sp=0x00000069a08fe590
Event: 1.407 Thread 0x0000023b5db2d800 DEOPT UNPACKING pc=0x0000023b62ffa95e sp=0x00000069a08fda60 mode 0

Classes redefined (0 events):
No events

Internal exceptions (0 events):
No events

Events (20 events):
Event: 1.386 loading class java/lang/invoke/BoundMethodHandle$Species_LLLL
Event: 1.386 loading class java/lang/invoke/BoundMethodHandle$Species_LLLL done
Event: 1.391 loading class java/lang/invoke/BoundMethodHandle$Species_LLLLL
Event: 1.391 loading class java/lang/invoke/BoundMethodHandle$Species_LLLLL done
Event: 1.393 loading class java/lang/invoke/BoundMethodHandle$Species_LLLLLL
Event: 1.393 loading class java/lang/invoke/BoundMethodHandle$Species_LLLLLL done
Event: 1.394 loading class java/lang/Byte$ByteCache
Event: 1.395 loading class java/lang/Byte$ByteCache done
Event: 1.395 loading class java/lang/invoke/MethodHandles$1
Event: 1.395 loading class java/lang/invoke/MethodHandles$1 done
Event: 1.395 loading class java/lang/invoke/BoundMethodHandle$Species_LLLLLLI
Event: 1.395 loading class java/lang/invoke/BoundMethodHandle$Species_LLLLLLI done
Event: 1.398 loading class sun/invoke/util/ValueConversions$WrapperCache
Event: 1.398 loading class sun/invoke/util/ValueConversions$WrapperCache done
Event: 1.398 loading class java/lang/invoke/BoundMethodHandle$Species_LLLLLLII
Event: 1.398 loading class java/lang/invoke/BoundMethodHandle$Species_LLLLLLII done
Event: 1.400 loading class java/lang/invoke/BoundMethodHandle$Species_LLLLLLIIL
Event: 1.400 loading class java/lang/invoke/BoundMethodHandle$Species_LLLLLLIIL done
Event: 1.403 loading class org/apache/xmlrpc/XmlRpcClientLite
Event: 1.403 loading class org/apache/xmlrpc/XmlRpcClientLite done


Dynamic libraries:
0x00007ff753010000 - 0x00007ff75301a000 	C:\Program Files\JetBrains\PyCharm Community Edition 2021.3.3\jbr\bin\java.exe
0x00007ffb0b7f0000 - 0x00007ffb0b9e8000 	C:\WINDOWS\SYSTEM32\ntdll.dll
0x00007ffb0a370000 - 0x00007ffb0a42d000 	C:\WINDOWS\System32\KERNEL32.DLL
0x00007ffb09080000 - 0x00007ffb0934e000 	C:\WINDOWS\System32\KERNELBASE.dll
0x00007ffb08f10000 - 0x00007ffb09010000 	C:\WINDOWS\System32\ucrtbase.dll
0x00007ffad8510000 - 0x00007ffad8529000 	C:\Program Files\JetBrains\PyCharm Community Edition 2021.3.3\jbr\bin\jli.dll
0x00007ffb0a760000 - 0x00007ffb0a900000 	C:\WINDOWS\System32\USER32.dll
0x00007ffb097f0000 - 0x00007ffb09812000 	C:\WINDOWS\System32\win32u.dll
0x00007ffb0ac60000 - 0x00007ffb0ac8a000 	C:\WINDOWS\System32\GDI32.dll
0x00007ffb096e0000 - 0x00007ffb097eb000 	C:\WINDOWS\System32\gdi32full.dll
0x00007ffb09640000 - 0x00007ffb096dd000 	C:\WINDOWS\System32\msvcp_win.dll
0x00007ffaefe50000 - 0x00007ffaf00ea000 	C:\WINDOWS\WinSxS\amd64_microsoft.windows.common-controls_6595b64144ccf1df_6.0.19041.1110_none_60b5254171f9507e\COMCTL32.dll
0x00007ffb0af90000 - 0x00007ffb0b02e000 	C:\WINDOWS\System32\msvcrt.dll
0x00007ffad7c70000 - 0x00007ffad7c86000 	C:\Program Files\JetBrains\PyCharm Community Edition 2021.3.3\jbr\bin\VCRUNTIME140.dll
0x00007ffb0a440000 - 0x00007ffb0a470000 	C:\WINDOWS\System32\IMM32.DLL
0x00007ffabde30000 - 0x00007ffabdeda000 	C:\Program Files\JetBrains\PyCharm Community Edition 2021.3.3\jbr\bin\msvcp140.dll
0x00007ffae22f0000 - 0x00007ffae2e6a000 	C:\Program Files\JetBrains\PyCharm Community Edition 2021.3.3\jbr\bin\server\jvm.dll
0x00007ffb09930000 - 0x00007ffb099de000 	C:\WINDOWS\System32\ADVAPI32.dll
0x00007ffb0aef0000 - 0x00007ffb0af8c000 	C:\WINDOWS\System32\sechost.dll
0x00007ffb0adc0000 - 0x00007ffb0aee5000 	C:\WINDOWS\System32\RPCRT4.dll
0x00007ffb099e0000 - 0x00007ffb099e8000 	C:\WINDOWS\System32\PSAPI.DLL
0x00007ffaf0830000 - 0x00007ffaf0839000 	C:\WINDOWS\SYSTEM32\WSOCK32.dll
0x00007ffb0a530000 - 0x00007ffb0a59b000 	C:\WINDOWS\System32\WS2_32.dll
0x00007ffaf0c70000 - 0x00007ffaf0c97000 	C:\WINDOWS\SYSTEM32\WINMM.dll
0x00007ffb00400000 - 0x00007ffb0040a000 	C:\WINDOWS\SYSTEM32\VERSION.dll
0x00007ffb06e30000 - 0x00007ffb06e42000 	C:\WINDOWS\SYSTEM32\kernel.appcore.dll
0x00007ffb00fb0000 - 0x00007ffb00fc1000 	C:\Program Files\JetBrains\PyCharm Community Edition 2021.3.3\jbr\bin\verify.dll
0x00007ffaff780000 - 0x00007ffaff964000 	C:\WINDOWS\SYSTEM32\DBGHELP.DLL
0x00007ffaff5d0000 - 0x00007ffaff5fc000 	C:\WINDOWS\SYSTEM32\dbgcore.DLL
0x00007ffb09350000 - 0x00007ffb093d2000 	C:\WINDOWS\System32\bcryptPrimitives.dll
0x00007ffb00f80000 - 0x00007ffb00fa9000 	C:\Program Files\JetBrains\PyCharm Community Edition 2021.3.3\jbr\bin\java.dll
0x00007ffb018e0000 - 0x00007ffb018eb000 	C:\Program Files\JetBrains\PyCharm Community Edition 2021.3.3\jbr\bin\jimage.dll
0x00007ffaffac0000 - 0x00007ffaffad9000 	C:\Program Files\JetBrains\PyCharm Community Edition 2021.3.3\jbr\bin\zip.dll
0x00007ffb09a50000 - 0x00007ffb0a194000 	C:\WINDOWS\System32\SHELL32.dll
0x00007ffb07030000 - 0x00007ffb077c4000 	C:\WINDOWS\SYSTEM32\windows.storage.dll
0x00007ffb0a900000 - 0x00007ffb0ac54000 	C:\WINDOWS\System32\combase.dll
0x00007ffb08970000 - 0x00007ffb089a0000 	C:\WINDOWS\SYSTEM32\Wldp.dll
0x00007ffb0b030000 - 0x00007ffb0b0dd000 	C:\WINDOWS\System32\SHCORE.dll
0x00007ffb09850000 - 0x00007ffb098a5000 	C:\WINDOWS\System32\shlwapi.dll
0x00007ffb08e50000 - 0x00007ffb08e6f000 	C:\WINDOWS\SYSTEM32\profapi.dll
0x00007ffafea10000 - 0x00007ffafea2a000 	C:\Program Files\JetBrains\PyCharm Community Edition 2021.3.3\jbr\bin\net.dll
0x00007ffafd610000 - 0x00007ffafd71a000 	C:\WINDOWS\SYSTEM32\WINHTTP.dll
0x00007ffb086d0000 - 0x00007ffb0873a000 	C:\WINDOWS\system32\mswsock.dll
0x00007ffafe9f0000 - 0x00007ffafea04000 	C:\Program Files\JetBrains\PyCharm Community Edition 2021.3.3\jbr\bin\nio.dll

dbghelp: loaded successfully - version: 4.0.5 - missing functions: none
symbol engine: initialized successfully - sym options: 0x614 - pdb path: .;C:\Program Files\JetBrains\PyCharm Community Edition 2021.3.3\jbr\bin;C:\WINDOWS\SYSTEM32;C:\WINDOWS\WinSxS\amd64_microsoft.windows.common-controls_6595b64144ccf1df_6.0.19041.1110_none_60b5254171f9507e;C:\Program Files\JetBrains\PyCharm Community Edition 2021.3.3\jbr\bin\server

VM Arguments:
java_command: git4idea.http.GitAskPassApp Username for 'https://github.com': 
java_class_path (initial): C:/Program Files/JetBrains/PyCharm Community Edition 2021.3.3/plugins/git4idea/lib/git4idea-rt.jar;C:/Program Files/JetBrains/PyCharm Community Edition 2021.3.3/lib/3rd-party.jar;C:/Program Files/JetBrains/PyCharm Community Edition 2021.3.3/lib/3rd-party-rt.jar
Launcher Type: SUN_STANDARD

[Global flags]
     intx CICompilerCount                          = 3                                         {product} {ergonomic}
     uint ConcGCThreads                            = 1                                         {product} {ergonomic}
     uint G1ConcRefinementThreads                  = 4                                         {product} {ergonomic}
   size_t G1HeapRegionSize                         = 1048576                                   {product} {ergonomic}
    uintx GCDrainStackTargetSize                   = 64                                        {product} {ergonomic}
   size_t InitialHeapSize                          = 134217728                                 {product} {ergonomic}
   size_t MarkStackSize                            = 4194304                                   {product} {ergonomic}
   size_t MaxHeapSize                              = 2116026368                                {product} {ergonomic}
   size_t MaxNewSize                               = 1268776960                                {product} {ergonomic}
   size_t MinHeapDeltaBytes                        = 1048576                                   {product} {ergonomic}
    uintx NonNMethodCodeHeapSize                   = 5830732                                {pd product} {ergonomic}
    uintx NonProfiledCodeHeapSize                  = 122913754                              {pd product} {ergonomic}
    uintx ProfiledCodeHeapSize                     = 122913754                              {pd product} {ergonomic}
    uintx ReservedCodeCacheSize                    = 251658240                              {pd product} {ergonomic}
     bool SegmentedCodeCache                       = true                                      {product} {ergonomic}
     bool UseCompressedClassPointers               = true                                 {lp64_product} {ergonomic}
     bool UseCompressedOops                        = true                                 {lp64_product} {ergonomic}
     bool UseG1GC                                  = true                                      {product} {ergonomic}
     bool UseLargePagesIndividualAllocation        = false                                  {pd product} {ergonomic}

Logging:
Log output configuration:
 #0: stdout all=warning uptime,level,tags
 #1: stderr all=off uptime,level,tags

Environment Variables:
PATH=C:\Users\a.alekseenko.MEDIA108\AppData\Local\Programs\Git\mingw64\libexec\git-core;C:\Users\a.alekseenko.MEDIA108\AppData\Local\Programs\Git\mingw64\libexec\git-core;C:\Users\a.alekseenko.MEDIA108\AppData\Local\Programs\Git\mingw64\bin;C:\Users\a.alekseenko.MEDIA108\AppData\Local\Programs\Git\usr\bin;C:\Users\a.alekseenko.MEDIA108\bin;C:\Users\a.alekseenko.MEDIA108\pythonProject2\venv\Scripts;C:\WINDOWS\system32;C:\WINDOWS;C:\WINDOWS\System32\Wbem;C:\WINDOWS\System32\WindowsPowerShell\v1.0;C:\WINDOWS\System32\OpenSSH;C:\Program Files (x86)\Intel\Intel(R) Management Engine Components\DAL;C:\Program Files\Intel\Intel(R) Management Engine Components\DAL;C:\Program Files (x86)\NVIDIA Corporation\PhysX\Common;C:\Program Files\NVIDIA Corporation\NVIDIA NvDLISR;C:\Users\a.alekseenko.MEDIA108\AppData\Local\Microsoft\WindowsApps;C:\Users\a.alekseenko.MEDIA108\AppData\Local\Programs\Git\cmd;C:\Program Files\PY_26\PyCharm Community Edition 2021.3.2\bin;C:\Users\a.alekseenko.MEDIA108\AppData\Local\GitHubDesktop\bin;C:\ProgramData\a.alekseenko\GitHubDesktop\bin;C:\Users\a.alekseenko.MEDIA108\AppData\Local\Programs\Microsoft VS Code\bin
USERNAME=a.alekseenko
DISPLAY=:0.0
LC_ALL=en_US.UTF-8
OS=Windows_NT
PROCESSOR_IDENTIFIER=Intel64 Family 6 Model 142 Stepping 9, GenuineIntel



---------------  S Y S T E M  ---------------

OS: Windows 10 , 64 bit Build 19041 (10.0.19041.1806)
OS uptime: 2 days 8:34 hours

CPU:total 4 (initial active 4) (2 cores per cpu, 2 threads per core) family 6 model 142 stepping 9 microcode 0xec, cmov, cx8, fxsr, mmx, sse, sse2, sse3, ssse3, sse4.1, sse4.2, popcnt, avx, avx2, aes, clmul, erms, 3dnowpref, lzcnt, ht, tsc, tscinvbit, bmi1, bmi2, adx, fma

Memory: 4k page, system-wide physical 8067M (251M free)
TotalPageFile size 23249M (AvailPageFile size 0M)
current process WorkingSet (physical memory assigned to process): 46M, peak: 46M
current process commit charge ("private bytes"): 199M, peak: 199M

vm_info: OpenJDK 64-Bit Server VM (11.0.14.1+1-b1751.46) for windows-amd64 JRE (11.0.14.1+1-b1751.46), built on Feb 21 2022 15:19:20 by "" with MS VC++ 14.0 (VS2015)

END.
